2020-12-18 14:00:22,708 - __main__ - INFO - Registering GATT application...
2020-12-18 14:00:22,720 - __main__ - INFO - GATT application registered
2020-12-18 14:00:22,723 - __main__ - INFO - Advertisement registered
2020-12-18 14:01:05,569 - __main__ - DEBUG - FAN Write: dbus.Array([dbus.Byte(53), dbus.Byte(53), dbus.Byte(53)], signature=dbus.Signature('y'))
2020-12-18 14:01:05,570 - __main__ - INFO - invalid state written 555
2020-12-18 14:01:16,777 - __main__ - DEBUG - FAN Write: dbus.Array([dbus.Byte(53)], signature=dbus.Signature('y'))
2020-12-18 14:01:16,777 - __main__ - INFO - invalid state written 5
2020-12-18 14:01:30,864 - __main__ - INFO - Light state Write: dbus.Array([dbus.Byte(54)], signature=dbus.Signature('y'))
2020-12-18 14:01:30,865 - __main__ - INFO - writing {cmd} to machine
2020-12-18 14:01:44,636 - __main__ - INFO - Temperature write: dbus.Array([dbus.Byte(49)], signature=dbus.Signature('y'))
2020-12-18 14:01:44,637 - __main__ - INFO - writing {cmd} to machine
2020-12-18 14:02:01,963 - __main__ - INFO - Temperature write: dbus.Array([dbus.Byte(85)], signature=dbus.Signature('y'))
2020-12-18 14:02:01,963 - __main__ - INFO - writing {cmd} to machine
2020-12-18 14:25:23,547 - __main__ - INFO - Registering GATT application...
2020-12-18 14:25:23,560 - __main__ - INFO - GATT application registered
2020-12-18 14:25:23,563 - __main__ - INFO - Advertisement registered
2020-12-18 14:26:11,639 - __main__ - INFO - Registering GATT application...
2020-12-18 14:26:11,652 - __main__ - INFO - GATT application registered
2020-12-18 14:26:11,654 - __main__ - INFO - Advertisement registered
2020-12-18 14:26:31,752 - __main__ - INFO - Light read: []
2020-12-18 14:26:31,761 - __main__ - ERROR - Error getting status Invalid URL 'XXXXXXXXXXXX/gr0g': No schema supplied. Perhaps you meant http://XXXXXXXXXXXX/gr0g?
2020-12-18 14:33:21,258 - __main__ - INFO - Registering GATT application...
2020-12-18 14:33:21,271 - __main__ - INFO - GATT application registered
2020-12-18 14:33:21,273 - __main__ - INFO - Advertisement registered
2020-12-18 14:33:31,021 - __main__ - DEBUG - FAN Read: [255]
2020-12-18 14:33:31,028 - __main__ - ERROR - Error getting status Invalid URL '/com/ag/gr0g/status': No schema supplied. Perhaps you meant http:///com/ag/gr0g/status?
2020-12-18 14:34:12,996 - __main__ - INFO - Registering GATT application...
2020-12-18 14:34:13,008 - __main__ - INFO - GATT application registered
2020-12-18 14:34:13,011 - __main__ - INFO - Advertisement registered
2020-12-18 14:34:24,479 - __main__ - INFO - Light read: []
2020-12-18 14:34:24,486 - __main__ - ERROR - Error getting status Invalid URL '/com/ag/gr0g/status': No schema supplied. Perhaps you meant http:///com/ag/gr0g/status?
2020-12-18 14:40:03,231 - __main__ - INFO - Light read: []
2020-12-18 14:40:19,071 - __main__ - INFO - Light read: []
2020-12-18 14:40:19,073 - __main__ - ERROR - Error getting status Invalid URL '/com/ag/gr0g/status': No schema supplied. Perhaps you meant http:///com/ag/gr0g/status?
2020-12-18 14:43:15,569 - __main__ - INFO - Registering GATT application...
2020-12-18 14:43:15,581 - __main__ - INFO - GATT application registered
2020-12-18 14:43:15,584 - __main__ - INFO - Advertisement registered
2020-12-18 14:43:34,234 - __main__ - INFO - Light read: []
2020-12-18 14:43:34,241 - __main__ - ERROR - Error getting status Invalid URL 'com.ag.gr0g/status': No schema supplied. Perhaps you meant http://com.ag.gr0g/status?
2020-12-18 14:51:06,251 - __main__ - INFO - Registering GATT application...
2020-12-18 14:51:06,288 - __main__ - INFO - GATT application registered
2020-12-18 14:51:06,291 - __main__ - INFO - Advertisement registered
2020-12-18 14:51:17,014 - __main__ - INFO - Light read: []
2020-12-18 14:51:17,023 - __main__ - ERROR - Error getting status Invalid URL 'com.ag.gr0g/status': No schema supplied. Perhaps you meant http://com.ag.gr0g/status?
2020-12-18 14:51:42,973 - __main__ - INFO - Registering GATT application...
2020-12-18 14:51:42,984 - __main__ - INFO - GATT application registered
2020-12-18 14:51:42,986 - __main__ - INFO - Advertisement registered
2020-12-18 14:51:50,449 - __main__ - INFO - Light read: []
2020-12-18 14:51:50,458 - __main__ - ERROR - Error getting status Invalid URL 'com.ag.gr0g.status': No schema supplied. Perhaps you meant http://com.ag.gr0g.status?
2020-12-18 14:56:21,211 - __main__ - INFO - Registering GATT application...
2020-12-18 14:56:21,223 - __main__ - INFO - GATT application registered
2020-12-18 14:56:21,225 - __main__ - INFO - Advertisement registered
2020-12-18 14:56:35,796 - __main__ - INFO - Light read: []
2020-12-18 14:56:35,797 - __main__ - ERROR - Error getting status name 'bus' is not defined
2020-12-18 14:57:05,620 - __main__ - INFO - Registering GATT application...
2020-12-18 14:57:05,632 - __main__ - INFO - GATT application registered
2020-12-18 14:57:05,634 - __main__ - INFO - Advertisement registered
2020-12-18 14:57:34,477 - __main__ - INFO - Light read: []
2020-12-18 14:57:34,478 - __main__ - ERROR - Error getting status name 'gr0g_bus' is not defined
2020-12-18 14:58:36,175 - __main__ - INFO - Registering GATT application...
2020-12-18 14:58:36,187 - __main__ - INFO - GATT application registered
2020-12-18 14:58:36,189 - __main__ - INFO - Advertisement registered
2020-12-18 14:58:52,734 - __main__ - INFO - Light read: []
2020-12-18 14:58:52,734 - __main__ - ERROR - Error getting status name 'gr0g_bus' is not defined
2020-12-18 14:59:36,153 - __main__ - INFO - Registering GATT application...
2020-12-18 14:59:36,166 - __main__ - INFO - GATT application registered
2020-12-18 14:59:36,168 - __main__ - INFO - Advertisement registered
2020-12-18 14:59:40,434 - __main__ - INFO - Light read: []
2020-12-18 14:59:40,440 - __main__ - ERROR - Error getting status 'NoneType' object has no attribute 'json'
2020-12-18 15:00:42,237 - __main__ - INFO - Registering GATT application...
2020-12-18 15:00:42,248 - __main__ - INFO - GATT application registered
2020-12-18 15:00:42,250 - __main__ - INFO - Advertisement registered
2020-12-18 15:00:47,936 - __main__ - INFO - Light read: []
2020-12-18 15:00:47,942 - __main__ - ERROR - Error getting status 'dbus.Dictionary' object has no attribute 'json'
2020-12-18 15:01:20,266 - __main__ - INFO - Registering GATT application...
2020-12-18 15:01:20,277 - __main__ - INFO - GATT application registered
2020-12-18 15:01:20,280 - __main__ - INFO - Advertisement registered
2020-12-18 15:01:24,116 - __main__ - INFO - Light read: []
2020-12-18 15:01:33,836 - __main__ - INFO - Light read: bytearray(b'\r\x00\x00\x00')
2020-12-19 15:33:08,679 - __main__ - INFO - Registering GATT application...
2020-12-19 15:33:08,691 - __main__ - INFO - GATT application registered
2020-12-19 15:33:08,695 - __main__ - INFO - Advertisement registered
2020-12-19 15:33:33,485 - __main__ - INFO - Light read: []
2020-12-19 15:33:49,238 - __main__ - INFO - Light read: []
2020-12-19 15:33:59,722 - __main__ - INFO - Light read: 'off'
2020-12-19 15:37:41,917 - __main__ - INFO - Registering GATT application...
2020-12-19 15:37:41,929 - __main__ - INFO - GATT application registered
2020-12-19 15:37:41,931 - __main__ - INFO - Advertisement registered
2020-12-19 15:38:09,532 - __main__ - INFO - Temperature read: []
2020-12-19 15:38:09,548 - __main__ - ERROR - Error getting status Invalid URL 'com.ag.gr0g/gr0g': No schema supplied. Perhaps you meant http://com.ag.gr0g/gr0g?
2020-12-19 15:40:52,241 - __main__ - INFO - Registering GATT application...
2020-12-19 15:40:52,253 - __main__ - INFO - GATT application registered
2020-12-19 15:40:52,256 - __main__ - INFO - Advertisement registered
2020-12-19 15:41:27,263 - __main__ - INFO - Temperature read: []
2020-12-19 15:41:27,270 - __main__ - ERROR - Error getting status Invalid URL 'com.ag.gr0g/gr0g': No schema supplied. Perhaps you meant http://com.ag.gr0g/gr0g?
2020-12-19 15:41:48,236 - __main__ - INFO - Temperature setpoint read: []
2020-12-19 15:44:21,693 - __main__ - INFO - Registering GATT application...
2020-12-19 15:44:21,704 - __main__ - INFO - GATT application registered
2020-12-19 15:44:21,707 - __main__ - INFO - Advertisement registered
2020-12-19 15:46:16,597 - __main__ - INFO - Registering GATT application...
2020-12-19 15:46:16,609 - __main__ - INFO - GATT application registered
2020-12-19 15:46:16,611 - __main__ - INFO - Advertisement registered
2020-12-19 15:46:39,387 - __main__ - INFO - Registering GATT application...
2020-12-19 15:46:39,396 - __main__ - INFO - GATT application registered
2020-12-19 15:46:39,397 - __main__ - INFO - Advertisement registered
2020-12-19 15:46:52,750 - __main__ - INFO - Light state Write: dbus.Array([dbus.Byte(111), dbus.Byte(110)], signature=dbus.Signature('y'))
2020-12-19 15:47:53,544 - __main__ - INFO - Light state Write: dbus.Array([dbus.Byte(54)], signature=dbus.Signature('y'))
2020-12-19 15:48:40,214 - __main__ - INFO - Registering GATT application...
2020-12-19 15:48:40,223 - __main__ - INFO - GATT application registered
2020-12-19 15:48:40,225 - __main__ - INFO - Advertisement registered
2020-12-19 15:48:59,468 - __main__ - INFO - Light state Write: dbus.Array([dbus.Byte(111), dbus.Byte(102), dbus.Byte(102)], signature=dbus.Signature('y'))
2020-12-19 15:49:38,357 - __main__ - INFO - Registering GATT application...
2020-12-19 15:49:38,366 - __main__ - INFO - GATT application registered
2020-12-19 15:49:38,368 - __main__ - INFO - Advertisement registered
2020-12-19 15:49:57,517 - __main__ - INFO - Light state Write: dbus.Array([dbus.Byte(79), dbus.Byte(78)], signature=dbus.Signature('y'))
2020-12-19 15:50:46,362 - __main__ - INFO - Registering GATT application...
2020-12-19 15:50:46,371 - __main__ - INFO - GATT application registered
2020-12-19 15:50:46,372 - __main__ - INFO - Advertisement registered
2020-12-19 15:53:31,276 - __main__ - INFO - Registering GATT application...
2020-12-19 15:53:31,284 - __main__ - INFO - GATT application registered
2020-12-19 15:53:31,286 - __main__ - INFO - Advertisement registered
2020-12-19 15:53:39,797 - __main__ - INFO - Light state Write: dbus.Array([dbus.Byte(53), dbus.Byte(53)], signature=dbus.Signature('y')),dbus.Array([dbus.Byte(53), dbus.Byte(53)], signature=dbus.Signature('y'))
2020-12-19 15:57:05,792 - __main__ - INFO - Registering GATT application...
2020-12-19 15:57:05,800 - __main__ - INFO - GATT application registered
2020-12-19 15:57:05,802 - __main__ - INFO - Advertisement registered
2020-12-19 15:57:15,058 - __main__ - INFO - Light state Write: dbus.Array([dbus.Byte(52), dbus.Byte(52)], signature=dbus.Signature('y')),dbus.Array([dbus.Byte(52), dbus.Byte(52)], signature=dbus.Signature('y'))
2020-12-19 15:57:15,059 - __main__ - INFO - svalue: 44
2020-12-19 15:57:30,042 - __main__ - INFO - Light state Write: dbus.Array([dbus.Byte(79), dbus.Byte(78)], signature=dbus.Signature('y')),dbus.Array([dbus.Byte(79), dbus.Byte(78)], signature=dbus.Signature('y'))
2020-12-19 15:57:30,043 - __main__ - INFO - svalue: ON
2020-12-19 15:57:30,044 - __main__ - INFO - writing {value} to light
2020-12-19 15:58:23,177 - __main__ - INFO - Registering GATT application...
2020-12-19 15:58:23,185 - __main__ - INFO - GATT application registered
2020-12-19 15:58:23,187 - __main__ - INFO - Advertisement registered
2020-12-19 15:58:34,479 - __main__ - INFO - Light state Write: dbus.Array([dbus.Byte(79), dbus.Byte(78)], signature=dbus.Signature('y')),dbus.Array([dbus.Byte(79), dbus.Byte(78)], signature=dbus.Signature('y'))
2020-12-19 15:58:34,479 - __main__ - INFO - svalue: ON
2020-12-19 15:58:34,480 - __main__ - INFO - writing {svalue} to light
2020-12-19 15:58:43,838 - __main__ - INFO - Light control read: []
2020-12-19 15:59:59,305 - __main__ - INFO - Registering GATT application...
2020-12-19 15:59:59,322 - __main__ - INFO - GATT application registered
2020-12-19 15:59:59,325 - __main__ - INFO - Advertisement registered
2020-12-19 16:00:06,003 - __main__ - INFO - Light control read: []
2020-12-19 16:00:31,087 - __main__ - INFO - Registering GATT application...
2020-12-19 16:00:31,096 - __main__ - INFO - GATT application registered
2020-12-19 16:00:31,099 - __main__ - INFO - Advertisement registered
2020-12-19 16:02:25,155 - __main__ - INFO - Registering GATT application...
2020-12-19 16:02:25,164 - __main__ - INFO - GATT application registered
2020-12-19 16:02:25,165 - __main__ - INFO - Advertisement registered
2020-12-19 16:02:32,391 - __main__ - INFO - Light control read: []
2020-12-19 16:03:09,874 - __main__ - INFO - Registering GATT application...
2020-12-19 16:03:09,882 - __main__ - INFO - GATT application registered
2020-12-19 16:03:09,885 - __main__ - INFO - Advertisement registered
2020-12-19 16:03:28,068 - __main__ - INFO - Light control read: []
2020-12-19 16:04:03,884 - __main__ - INFO - Registering GATT application...
2020-12-19 16:04:03,891 - __main__ - INFO - GATT application registered
2020-12-19 16:04:03,894 - __main__ - INFO - Advertisement registered
2020-12-19 16:04:10,167 - __main__ - INFO - Registering GATT application...
2020-12-19 16:04:10,175 - __main__ - INFO - GATT application registered
2020-12-19 16:04:10,177 - __main__ - INFO - Advertisement registered
2020-12-19 16:04:16,224 - __main__ - INFO - Light control read: 0
2020-12-19 16:04:50,586 - __main__ - INFO - Registering GATT application...
2020-12-19 16:04:50,595 - __main__ - INFO - GATT application registered
2020-12-19 16:04:50,597 - __main__ - INFO - Advertisement registered
2020-12-19 16:04:54,209 - __main__ - INFO - Light control read: []
2020-12-19 16:04:58,349 - __main__ - INFO - Light control read: [1]
2020-12-19 16:05:51,854 - __main__ - INFO - Registering GATT application...
2020-12-19 16:05:51,863 - __main__ - INFO - GATT application registered
2020-12-19 16:05:51,865 - __main__ - INFO - Advertisement registered
2020-12-19 16:05:55,819 - __main__ - INFO - Light control read: ['OFF']
2020-12-19 16:07:32,787 - __main__ - INFO - Registering GATT application...
2020-12-19 16:07:32,796 - __main__ - INFO - GATT application registered
2020-12-19 16:07:32,797 - __main__ - INFO - Advertisement registered
2020-12-19 16:07:37,269 - __main__ - INFO - Registering GATT application...
2020-12-19 16:07:37,277 - __main__ - INFO - GATT application registered
2020-12-19 16:07:37,279 - __main__ - INFO - Advertisement registered
2020-12-19 16:09:36,116 - __main__ - INFO - Registering GATT application...
2020-12-19 16:09:36,124 - __main__ - INFO - GATT application registered
2020-12-19 16:09:36,126 - __main__ - INFO - Advertisement registered
2020-12-19 16:09:50,541 - __main__ - INFO - Light control read: ['OFF'],'OFF'
2020-12-19 16:12:49,232 - __main__ - INFO - Registering GATT application...
2020-12-19 16:12:49,241 - __main__ - INFO - GATT application registered
2020-12-19 16:12:49,243 - __main__ - INFO - Advertisement registered
2020-12-19 16:13:00,918 - __main__ - INFO - Light state Write: dbus.Array([dbus.Byte(49)], signature=dbus.Signature('y')),dbus.Array([dbus.Byte(49)], signature=dbus.Signature('y'))
2020-12-19 16:13:00,919 - __main__ - INFO - svalue: 1
2020-12-19 16:13:00,919 - __main__ - INFO - writing {svalue} to light
2020-12-19 16:13:10,232 - __main__ - INFO - Light control read: [0],'1'
2020-12-19 16:13:50,321 - __main__ - INFO - Registering GATT application...
2020-12-19 16:13:50,330 - __main__ - INFO - GATT application registered
2020-12-19 16:13:50,332 - __main__ - INFO - Advertisement registered
2020-12-19 16:13:57,390 - __main__ - INFO - Light control read: [0],'OFF'
2020-12-19 16:14:15,474 - __main__ - INFO - Registering GATT application...
2020-12-19 16:14:15,482 - __main__ - INFO - GATT application registered
2020-12-19 16:14:15,484 - __main__ - INFO - Advertisement registered
2020-12-19 16:14:19,079 - __main__ - INFO - Light control read: [0],0
2020-12-19 16:14:26,639 - __main__ - INFO - Light state Write: dbus.Array([dbus.Byte(49)], signature=dbus.Signature('y')),dbus.Array([dbus.Byte(49)], signature=dbus.Signature('y'))
2020-12-19 16:14:26,639 - __main__ - INFO - svalue: 1
2020-12-19 16:14:26,640 - __main__ - INFO - writing {svalue} to light
2020-12-19 16:15:11,817 - __main__ - INFO - Light state Write: dbus.Array([dbus.Byte(49)], signature=dbus.Signature('y')),dbus.Array([dbus.Byte(49)], signature=dbus.Signature('y'))
2020-12-19 16:15:11,818 - __main__ - INFO - svalue: 1
2020-12-19 16:15:11,827 - __main__ - INFO - writing {svalue} to light
2020-12-19 16:15:11,832 - __main__ - INFO - OK
2020-12-19 16:16:35,154 - __main__ - INFO - Light state Write: dbus.Array([dbus.Byte(49)], signature=dbus.Signature('y')),dbus.Array([dbus.Byte(49)], signature=dbus.Signature('y'))
2020-12-19 16:16:35,155 - __main__ - INFO - svalue: 1
2020-12-19 16:16:35,155 - __main__ - INFO - writing {svalue} to light
2020-12-19 16:16:35,161 - __main__ - INFO - OK
2020-12-19 16:17:06,834 - __main__ - INFO - Light state Write: dbus.Array([dbus.Byte(49)], signature=dbus.Signature('y')),dbus.Array([dbus.Byte(49)], signature=dbus.Signature('y'))
2020-12-19 16:17:06,834 - __main__ - INFO - svalue: 1
2020-12-19 16:17:06,835 - __main__ - INFO - writing {svalue} to light
2020-12-19 16:17:06,840 - __main__ - INFO - OK
2020-12-19 16:42:24,575 - __main__ - INFO - Registering GATT application...
2020-12-19 16:42:24,584 - __main__ - INFO - GATT application registered
2020-12-19 16:42:24,585 - __main__ - INFO - Advertisement registered
2020-12-19 16:42:35,836 - __main__ - INFO - Light control read: [0],1
2020-12-19 16:42:57,255 - __main__ - INFO - Light control read: [0],0
2020-12-19 16:43:06,481 - __main__ - INFO - Light state Write: dbus.Array([dbus.Byte(49)], signature=dbus.Signature('y')),dbus.Array([dbus.Byte(49)], signature=dbus.Signature('y'))
2020-12-19 16:43:06,481 - __main__ - INFO - svalue: 1
2020-12-19 16:43:06,482 - __main__ - INFO - writing {svalue} to light
2020-12-19 17:28:39,156 - __main__ - INFO - Registering GATT application...
2020-12-19 17:28:39,165 - __main__ - INFO - GATT application registered
2020-12-19 17:29:04,827 - __main__ - INFO - Registering GATT application...
2020-12-19 17:29:04,836 - __main__ - INFO - GATT application registered
2020-12-19 17:29:29,852 - __main__ - CRITICAL - Failed to register advertisement: org.freedesktop.DBus.Error.NoReply: Did not receive a reply. Possible causes include: the remote application did not send a reply, the message bus security policy blocked the reply, the reply timeout expired, or the network connection was broken.
2020-12-19 17:29:56,284 - __main__ - INFO - Registering GATT application...
2020-12-19 17:29:56,294 - __main__ - INFO - GATT application registered
2020-12-19 17:30:22,510 - __main__ - INFO - Registering GATT application...
2020-12-19 17:30:22,520 - __main__ - INFO - GATT application registered
2020-12-19 17:31:41,733 - __main__ - INFO - Registering GATT application...
2020-12-19 17:31:41,744 - __main__ - INFO - GATT application registered
2020-12-19 17:31:41,747 - __main__ - INFO - Advertisement registered
2020-12-19 17:32:04,281 - __main__ - INFO - Light read: []
2020-12-19 17:32:12,561 - __main__ - INFO - Light read: bytearray(b'p\xce\x88\xd2\xde`\x18@')
2020-12-19 17:32:13,596 - __main__ - INFO - Light read: bytearray(b'Zd;\xdfO\xed\x1b@')
2020-12-19 17:32:14,451 - __main__ - INFO - Light read: bytearray(b'Zd;\xdfO\xed\x1b@')
2020-12-19 17:32:15,396 - __main__ - INFO - Light read: bytearray(b'Zd;\xdfO\xed\x1b@')
2020-12-19 17:32:16,296 - __main__ - INFO - Light read: bytearray(b'Zd;\xdfO\xed\x1b@')
2020-12-19 17:32:17,601 - __main__ - INFO - Light read: bytearray(b'Zd;\xdfO\xed\x1b@')
2020-12-19 17:32:18,906 - __main__ - INFO - Light read: bytearray(b'Zd;\xdfO\xed\x1b@')
2020-12-19 17:32:20,706 - __main__ - INFO - Light read: bytearray(b'Zd;\xdfO\xed\x1b@')
2020-12-19 17:33:06,202 - __main__ - INFO - Light read: bytearray(b'p\xce\x88\xd2\xde`\x18@')
2020-12-19 17:33:10,882 - __main__ - INFO - Light read: bytearray(b'p\xce\x88\xd2\xde`\x18@')
2020-12-19 17:33:11,962 - __main__ - INFO - Light read: bytearray(b'Zd;\xdfO\xed\x1b@')
2020-12-19 17:34:10,806 - __main__ - INFO - Registering GATT application...
2020-12-19 17:34:10,815 - __main__ - INFO - GATT application registered
2020-12-19 17:34:10,818 - __main__ - INFO - Advertisement registered
2020-12-19 17:35:06,432 - __main__ - INFO - Registering GATT application...
2020-12-19 17:35:06,441 - __main__ - INFO - GATT application registered
2020-12-19 17:35:06,444 - __main__ - INFO - Advertisement registered
2020-12-19 17:35:15,895 - __main__ - INFO - Light state Write: dbus.Array([dbus.Byte(49)], signature=dbus.Signature('y')),dbus.Array([dbus.Byte(49)], signature=dbus.Signature('y'))
2020-12-19 17:35:15,895 - __main__ - INFO - svalue: 1
2020-12-19 17:35:15,896 - __main__ - INFO - writing {svalue} to light
2020-12-19 17:39:08,636 - __main__ - INFO - Light state Write: dbus.Array([dbus.Byte(49)], signature=dbus.Signature('y')),dbus.Array([dbus.Byte(49)], signature=dbus.Signature('y'))
2020-12-19 17:39:08,637 - __main__ - INFO - svalue: 1
2020-12-19 17:39:08,644 - __main__ - INFO - writing {svalue} to light
2020-12-19 17:40:25,899 - __main__ - INFO - Light state Write: dbus.Array([dbus.Byte(49)], signature=dbus.Signature('y')),dbus.Array([dbus.Byte(49)], signature=dbus.Signature('y'))
2020-12-19 17:40:25,900 - __main__ - INFO - svalue: 1
2020-12-19 17:40:25,915 - __main__ - INFO - writing {svalue} to light
2020-12-19 17:41:04,913 - __main__ - INFO - Light state Write: dbus.Array([dbus.Byte(49)], signature=dbus.Signature('y')),dbus.Array([dbus.Byte(49)], signature=dbus.Signature('y'))
2020-12-19 17:41:04,914 - __main__ - INFO - svalue: 1
2020-12-19 17:41:04,914 - __main__ - INFO - writing {svalue} to light
2020-12-19 17:41:04,919 - __main__ - INFO - dbus.Dictionary({dbus.String('result'): dbus.String('OK')}, signature=dbus.Signature('ss'))
2020-12-19 17:41:20,663 - __main__ - INFO - Light state Write: dbus.Array([dbus.Byte(50)], signature=dbus.Signature('y')),dbus.Array([dbus.Byte(50)], signature=dbus.Signature('y'))
2020-12-19 17:41:20,664 - __main__ - INFO - svalue: 2
2020-12-19 17:48:59,607 - __main__ - INFO - Registering GATT application...
2020-12-19 17:48:59,616 - __main__ - INFO - GATT application registered
2020-12-19 17:48:59,622 - __main__ - INFO - Advertisement registered
2020-12-19 17:49:13,973 - __main__ - INFO - Light control read: [0],0
2020-12-19 17:49:18,427 - __main__ - INFO - Light state Write: dbus.Array([dbus.Byte(50)], signature=dbus.Signature('y'))
2020-12-19 17:49:18,428 - __main__ - INFO - svalue: 2
2020-12-19 17:49:18,428 - __main__ - INFO - writing {svalue} to light
2020-12-19 17:49:18,431 - __main__ - INFO - dbus.Dictionary({dbus.String('result'): dbus.String('OK')}, signature=dbus.Signature('ss'))
